# JRE version: OpenJDK Runtime Environment (8.0_152-b02) (build 1.8.0_152-release-1024-b02)
# Java VM: OpenJDK 64-Bit Server VM (25.152-b02 mixed mode windows-amd64 compressed oops)
Heap:
 PSYoungGen      total 470016K, used 278331K [0x00000000e0000000, 0x0000000100000000, 0x0000000100000000)
  eden space 443392K, 61% used [0x00000000e0000000,0x00000000f0c03b58,0x00000000fb100000)
  from space 26624K, 14% used [0x00000000fb100000,0x00000000fb4cb2a0,0x00000000fcb00000)
  to   space 26624K, 0% used [0x00000000fe600000,0x00000000fe600000,0x0000000100000000)
 ParOldGen       total 143360K, used 68475K [0x00000000a0000000, 0x00000000a8c00000, 0x00000000e0000000)
  object space 143360K, 47% used [0x00000000a0000000,0x00000000a42def70,0x00000000a8c00000)
 Metaspace       used 87867K, capacity 94092K, committed 94336K, reserved 1130496K
  class space    used 11304K, capacity 12647K, committed 12672K, reserved 1048576K
GC Heap History (10 events):
Event: 120.841 GC heap before
{Heap before GC invocations=22 (full 3):
 PSYoungGen      total 381952K, used 368612K [0x00000000e0000000, 0x00000000f9180000, 0x0000000100000000)
  eden space 361984K, 100% used [0x00000000e0000000,0x00000000f6180000,0x00000000f6180000)
  from space 19968K, 33% used [0x00000000f7e00000,0x00000000f8479080,0x00000000f9180000)
  to   space 24576K, 0% used [0x00000000f6180000,0x00000000f6180000,0x00000000f7980000)
 ParOldGen       total 143360K, used 66135K [0x00000000a0000000, 0x00000000a8c00000, 0x00000000e0000000)
  object space 143360K, 46% used [0x00000000a0000000,0x00000000a4095ee8,0x00000000a8c00000)
 Metaspace       used 81731K, capacity 86132K, committed 86400K, reserved 1124352K
  class space    used 10605K, capacity 11572K, committed 11648K, reserved 1048576K
Event: 120.862 GC heap after
Heap after GC invocations=22 (full 3):
 PSYoungGen      total 386560K, used 6504K [0x00000000e0000000, 0x00000000fbb00000, 0x0000000100000000)
  eden space 361984K, 0% used [0x00000000e0000000,0x00000000e0000000,0x00000000f6180000)
  from space 24576K, 26% used [0x00000000f6180000,0x00000000f67da168,0x00000000f7980000)
  to   space 24064K, 0% used [0x00000000fa380000,0x00000000fa380000,0x00000000fbb00000)
 ParOldGen       total 143360K, used 66143K [0x00000000a0000000, 0x00000000a8c00000, 0x00000000e0000000)
  object space 143360K, 46% used [0x00000000a0000000,0x00000000a4097ee8,0x00000000a8c00000)
 Metaspace       used 81731K, capacity 86132K, committed 86400K, reserved 1124352K
  class space    used 10605K, capacity 11572K, committed 11648K, reserved 1048576K
}
Event: 122.945 GC heap before
{Heap before GC invocations=23 (full 3):
 PSYoungGen      total 386560K, used 368488K [0x00000000e0000000, 0x00000000fbb00000, 0x0000000100000000)
  eden space 361984K, 100% used [0x00000000e0000000,0x00000000f6180000,0x00000000f6180000)
  from space 24576K, 26% used [0x00000000f6180000,0x00000000f67da168,0x00000000f7980000)
  to   space 24064K, 0% used [0x00000000fa380000,0x00000000fa380000,0x00000000fbb00000)
 ParOldGen       total 143360K, used 66143K [0x00000000a0000000, 0x00000000a8c00000, 0x00000000e0000000)
  object space 143360K, 46% used [0x00000000a0000000,0x00000000a4097ee8,0x00000000a8c00000)
 Metaspace       used 81763K, capacity 86196K, committed 86400K, reserved 1124352K
  class space    used 10605K, capacity 11572K, committed 11648K, reserved 1048576K
Event: 122.977 GC heap after
Heap after GC invocations=23 (full 3):
 PSYoungGen      total 430080K, used 13045K [0x00000000e0000000, 0x00000000fbb00000, 0x0000000100000000)
  eden space 406016K, 0% used [0x00000000e0000000,0x00000000e0000000,0x00000000f8c80000)
  from space 24064K, 54% used [0x00000000fa380000,0x00000000fb03d7e8,0x00000000fbb00000)
  to   space 23552K, 0% used [0x00000000f8c80000,0x00000000f8c80000,0x00000000fa380000)
 ParOldGen       total 143360K, used 66151K [0x00000000a0000000, 0x00000000a8c00000, 0x00000000e0000000)
  object space 143360K, 46% used [0x00000000a0000000,0x00000000a4099ee8,0x00000000a8c00000)
 Metaspace       used 81763K, capacity 86196K, committed 86400K, reserved 1124352K
  class space    used 10605K, capacity 11572K, committed 11648K, reserved 1048576K
}
Event: 133.246 GC heap before
{Heap before GC invocations=24 (full 3):
 PSYoungGen      total 430080K, used 419061K [0x00000000e0000000, 0x00000000fbb00000, 0x0000000100000000)
  eden space 406016K, 100% used [0x00000000e0000000,0x00000000f8c80000,0x00000000f8c80000)
  from space 24064K, 54% used [0x00000000fa380000,0x00000000fb03d7e8,0x00000000fbb00000)
  to   space 23552K, 0% used [0x00000000f8c80000,0x00000000f8c80000,0x00000000fa380000)
 ParOldGen       total 143360K, used 66151K [0x00000000a0000000, 0x00000000a8c00000, 0x00000000e0000000)
  object space 143360K, 46% used [0x00000000a0000000,0x00000000a4099ee8,0x00000000a8c00000)
 Metaspace       used 82566K, capacity 87154K, committed 87296K, reserved 1124352K
  class space    used 10684K, capacity 11711K, committed 11776K, reserved 1048576K
Event: 133.286 GC heap after
Heap after GC invocations=24 (full 3):
 PSYoungGen      total 429568K, used 23551K [0x00000000e0000000, 0x00000000feb80000, 0x0000000100000000)
  eden space 406016K, 0% used [0x00000000e0000000,0x00000000e0000000,0x00000000f8c80000)
  from space 23552K, 99% used [0x00000000f8c80000,0x00000000fa37fda8,0x00000000fa380000)
  to   space 27136K, 0% used [0x00000000fd100000,0x00000000fd100000,0x00000000feb80000)
 ParOldGen       total 143360K, used 66551K [0x00000000a0000000, 0x00000000a8c00000, 0x00000000e0000000)
  object space 143360K, 46% used [0x00000000a0000000,0x00000000a40fde40,0x00000000a8c00000)
 Metaspace       used 82566K, capacity 87154K, committed 87296K, reserved 1124352K
  class space    used 10684K, capacity 11711K, committed 11776K, reserved 1048576K
}
Event: 137.604 GC heap before
{Heap before GC invocations=25 (full 3):
 PSYoungGen      total 429568K, used 429358K [0x00000000e0000000, 0x00000000feb80000, 0x0000000100000000)
  eden space 406016K, 99% used [0x00000000e0000000,0x00000000f8c4bb98,0x00000000f8c80000)
  from space 23552K, 99% used [0x00000000f8c80000,0x00000000fa37fda8,0x00000000fa380000)
  to   space 27136K, 0% used [0x00000000fd100000,0x00000000fd100000,0x00000000feb80000)
 ParOldGen       total 143360K, used 66551K [0x00000000a0000000, 0x00000000a8c00000, 0x00000000e0000000)
  object space 143360K, 46% used [0x00000000a0000000,0x00000000a40fde40,0x00000000a8c00000)
 Metaspace       used 83738K, capacity 88584K, committed 88832K, reserved 1126400K
  class space    used 10878K, capacity 11916K, committed 12032K, reserved 1048576K
Event: 137.618 GC heap after
Heap after GC invocations=25 (full 3):
 PSYoungGen      total 463872K, used 5520K [0x00000000e0000000, 0x00000000fe500000, 0x0000000100000000)
  eden space 443392K, 0% used [0x00000000e0000000,0x00000000e0000000,0x00000000fb100000)
  from space 20480K, 26% used [0x00000000fd100000,0x00000000fd664168,0x00000000fe500000)
  to   space 26624K, 0% used [0x00000000fb100000,0x00000000fb100000,0x00000000fcb00000)
 ParOldGen       total 143360K, used 68467K [0x00000000a0000000, 0x00000000a8c00000, 0x00000000e0000000)
  object space 143360K, 47% used [0x00000000a0000000,0x00000000a42dcf70,0x00000000a8c00000)
 Metaspace       used 83738K, capacity 88584K, committed 88832K, reserved 1126400K
  class space    used 10878K, capacity 11916K, committed 12032K, reserved 1048576K
}
Event: 375.792 GC heap before
{Heap before GC invocations=26 (full 3):
 PSYoungGen      total 463872K, used 448912K [0x00000000e0000000, 0x00000000fe500000, 0x0000000100000000)
  eden space 443392K, 100% used [0x00000000e0000000,0x00000000fb100000,0x00000000fb100000)
  from space 20480K, 26% used [0x00000000fd100000,0x00000000fd664168,0x00000000fe500000)
  to   space 26624K, 0% used [0x00000000fb100000,0x00000000fb100000,0x00000000fcb00000)
 ParOldGen       total 143360K, used 68467K [0x00000000a0000000, 0x00000000a8c00000, 0x00000000e0000000)
  object space 143360K, 47% used [0x00000000a0000000,0x00000000a42dcf70,0x00000000a8c00000)
 Metaspace       used 86085K, capacity 92028K, committed 92160K, reserved 1128448K
  class space    used 11160K, capacity 12420K, committed 12544K, reserved 1048576K
Event: 375.814 GC heap after
Heap after GC invocations=26 (full 3):
 PSYoungGen      total 470016K, used 3884K [0x00000000e0000000, 0x0000000100000000, 0x0000000100000000)
  eden space 443392K, 0% used [0x00000000e0000000,0x00000000e0000000,0x00000000fb100000)
  from space 26624K, 14% used [0x00000000fb100000,0x00000000fb4cb2a0,0x00000000fcb00000)
  to   space 26624K, 0% used [0x00000000fe600000,0x00000000fe600000,0x0000000100000000)
 ParOldGen       total 143360K, used 68475K [0x00000000a0000000, 0x00000000a8c00000, 0x00000000e0000000)
  object space 143360K, 47% used [0x00000000a0000000,0x00000000a42def70,0x00000000a8c00000)
 Metaspace       used 86085K, capacity 92028K, committed 92160K, reserved 1128448K
  class space    used 11160K, capacity 12420K, committed 12544K, reserved 1048576K
}

