# JRE version: OpenJDK Runtime Environment (8.0_152-b02) (build 1.8.0_152-release-1024-b02)
# Java VM: OpenJDK 64-Bit Server VM (25.152-b02 mixed mode windows-amd64 compressed oops)
Heap:
 PSYoungGen      total 99328K, used 14281K [0x00000000e0000000, 0x00000000e7b00000, 0x0000000100000000)
  eden space 87040K, 16% used [0x00000000e0000000,0x00000000e0df2678,0x00000000e5500000)
  from space 12288K, 0% used [0x00000000e5500000,0x00000000e5500000,0x00000000e6100000)
  to   space 10752K, 0% used [0x00000000e6100000,0x00000000e6100000,0x00000000e6b80000)
 ParOldGen       total 81408K, used 15807K [0x00000000a0000000, 0x00000000a4f80000, 0x00000000e0000000)
  object space 81408K, 19% used [0x00000000a0000000,0x00000000a0f6fc38,0x00000000a4f80000)
 Metaspace       used 35226K, capacity 36056K, committed 36440K, reserved 1081344K
  class space    used 4841K, capacity 5141K, committed 5248K, reserved 1048576K
GC Heap History (10 events):
Event: 10.597 GC heap before
{Heap before GC invocations=7 (full 1):
 PSYoungGen      total 38400K, used 33280K [0x00000000e0000000, 0x00000000e5500000, 0x0000000100000000)
  eden space 33280K, 100% used [0x00000000e0000000,0x00000000e2080000,0x00000000e2080000)
  from space 5120K, 0% used [0x00000000e2080000,0x00000000e2080000,0x00000000e2580000)
  to   space 10240K, 0% used [0x00000000e4b00000,0x00000000e4b00000,0x00000000e5500000)
 ParOldGen       total 59392K, used 8168K [0x00000000a0000000, 0x00000000a3a00000, 0x00000000e0000000)
  object space 59392K, 13% used [0x00000000a0000000,0x00000000a07fa3f0,0x00000000a3a00000)
 Metaspace       used 24022K, capacity 24424K, committed 24704K, reserved 1071104K
  class space    used 3279K, capacity 3431K, committed 3456K, reserved 1048576K
Event: 10.606 GC heap after
Heap after GC invocations=7 (full 1):
 PSYoungGen      total 56832K, used 3614K [0x00000000e0000000, 0x00000000e4f00000, 0x0000000100000000)
  eden space 52736K, 0% used [0x00000000e0000000,0x00000000e0000000,0x00000000e3380000)
  from space 4096K, 88% used [0x00000000e4b00000,0x00000000e4e87af0,0x00000000e4f00000)
  to   space 10240K, 0% used [0x00000000e3b00000,0x00000000e3b00000,0x00000000e4500000)
 ParOldGen       total 59392K, used 8176K [0x00000000a0000000, 0x00000000a3a00000, 0x00000000e0000000)
  object space 59392K, 13% used [0x00000000a0000000,0x00000000a07fc3f0,0x00000000a3a00000)
 Metaspace       used 24022K, capacity 24424K, committed 24704K, reserved 1071104K
  class space    used 3279K, capacity 3431K, committed 3456K, reserved 1048576K
}
Event: 12.612 GC heap before
{Heap before GC invocations=8 (full 1):
 PSYoungGen      total 56832K, used 56350K [0x00000000e0000000, 0x00000000e4f00000, 0x0000000100000000)
  eden space 52736K, 100% used [0x00000000e0000000,0x00000000e3380000,0x00000000e3380000)
  from space 4096K, 88% used [0x00000000e4b00000,0x00000000e4e87af0,0x00000000e4f00000)
  to   space 10240K, 0% used [0x00000000e3b00000,0x00000000e3b00000,0x00000000e4500000)
 ParOldGen       total 59392K, used 8176K [0x00000000a0000000, 0x00000000a3a00000, 0x00000000e0000000)
  object space 59392K, 13% used [0x00000000a0000000,0x00000000a07fc3f0,0x00000000a3a00000)
 Metaspace       used 28756K, capacity 29312K, committed 29440K, reserved 1075200K
  class space    used 3888K, capacity 4071K, committed 4096K, reserved 1048576K
Event: 12.669 GC heap after
Heap after GC invocations=8 (full 1):
 PSYoungGen      total 70656K, used 7588K [0x00000000e0000000, 0x00000000e6b80000, 0x0000000100000000)
  eden space 60416K, 0% used [0x00000000e0000000,0x00000000e0000000,0x00000000e3b00000)
  from space 10240K, 74% used [0x00000000e3b00000,0x00000000e42690c0,0x00000000e4500000)
  to   space 10752K, 0% used [0x00000000e6100000,0x00000000e6100000,0x00000000e6b80000)
 ParOldGen       total 59392K, used 8184K [0x00000000a0000000, 0x00000000a3a00000, 0x00000000e0000000)
  object space 59392K, 13% used [0x00000000a0000000,0x00000000a07fe3f0,0x00000000a3a00000)
 Metaspace       used 28756K, capacity 29312K, committed 29440K, reserved 1075200K
  class space    used 3888K, capacity 4071K, committed 4096K, reserved 1048576K
}
Event: 15.215 GC heap before
{Heap before GC invocations=9 (full 1):
 PSYoungGen      total 70656K, used 68004K [0x00000000e0000000, 0x00000000e6b80000, 0x0000000100000000)
  eden space 60416K, 100% used [0x00000000e0000000,0x00000000e3b00000,0x00000000e3b00000)
  from space 10240K, 74% used [0x00000000e3b00000,0x00000000e42690c0,0x00000000e4500000)
  to   space 10752K, 0% used [0x00000000e6100000,0x00000000e6100000,0x00000000e6b80000)
 ParOldGen       total 59392K, used 8184K [0x00000000a0000000, 0x00000000a3a00000, 0x00000000e0000000)
  object space 59392K, 13% used [0x00000000a0000000,0x00000000a07fe3f0,0x00000000a3a00000)
 Metaspace       used 32820K, capacity 33496K, committed 33792K, reserved 1079296K
  class space    used 4528K, capacity 4779K, committed 4864K, reserved 1048576K
Event: 15.252 GC heap after
Heap after GC invocations=9 (full 1):
 PSYoungGen      total 97792K, used 10734K [0x00000000e0000000, 0x00000000e7b00000, 0x0000000100000000)
  eden space 87040K, 0% used [0x00000000e0000000,0x00000000e0000000,0x00000000e5500000)
  from space 10752K, 99% used [0x00000000e6100000,0x00000000e6b7b908,0x00000000e6b80000)
  to   space 12288K, 0% used [0x00000000e5500000,0x00000000e5500000,0x00000000e6100000)
 ParOldGen       total 59392K, used 8726K [0x00000000a0000000, 0x00000000a3a00000, 0x00000000e0000000)
  object space 59392K, 14% used [0x00000000a0000000,0x00000000a0885af0,0x00000000a3a00000)
 Metaspace       used 32820K, capacity 33496K, committed 33792K, reserved 1079296K
  class space    used 4528K, capacity 4779K, committed 4864K, reserved 1048576K
}
Event: 15.612 GC heap before
{Heap before GC invocations=10 (full 1):
 PSYoungGen      total 97792K, used 23895K [0x00000000e0000000, 0x00000000e7b00000, 0x0000000100000000)
  eden space 87040K, 15% used [0x00000000e0000000,0x00000000e0cda458,0x00000000e5500000)
  from space 10752K, 99% used [0x00000000e6100000,0x00000000e6b7b908,0x00000000e6b80000)
  to   space 12288K, 0% used [0x00000000e5500000,0x00000000e5500000,0x00000000e6100000)
 ParOldGen       total 59392K, used 8726K [0x00000000a0000000, 0x00000000a3a00000, 0x00000000e0000000)
  object space 59392K, 14% used [0x00000000a0000000,0x00000000a0885af0,0x00000000a3a00000)
 Metaspace       used 34419K, capacity 35218K, committed 35416K, reserved 1079296K
  class space    used 4720K, capacity 4987K, committed 4992K, reserved 1048576K
Event: 15.646 GC heap after
Heap after GC invocations=10 (full 1):
 PSYoungGen      total 99328K, used 7699K [0x00000000e0000000, 0x00000000e7b00000, 0x0000000100000000)
  eden space 87040K, 0% used [0x00000000e0000000,0x00000000e0000000,0x00000000e5500000)
  from space 12288K, 62% used [0x00000000e5500000,0x00000000e5c84fe8,0x00000000e6100000)
  to   space 10752K, 0% used [0x00000000e6100000,0x00000000e6100000,0x00000000e6b80000)
 ParOldGen       total 59392K, used 10422K [0x00000000a0000000, 0x00000000a3a00000, 0x00000000e0000000)
  object space 59392K, 17% used [0x00000000a0000000,0x00000000a0a2d9a0,0x00000000a3a00000)
 Metaspace       used 34419K, capacity 35218K, committed 35416K, reserved 1079296K
  class space    used 4720K, capacity 4987K, committed 4992K, reserved 1048576K
}
Event: 15.646 GC heap before
{Heap before GC invocations=11 (full 2):
 PSYoungGen      total 99328K, used 7699K [0x00000000e0000000, 0x00000000e7b00000, 0x0000000100000000)
  eden space 87040K, 0% used [0x00000000e0000000,0x00000000e0000000,0x00000000e5500000)
  from space 12288K, 62% used [0x00000000e5500000,0x00000000e5c84fe8,0x00000000e6100000)
  to   space 10752K, 0% used [0x00000000e6100000,0x00000000e6100000,0x00000000e6b80000)
 ParOldGen       total 59392K, used 10422K [0x00000000a0000000, 0x00000000a3a00000, 0x00000000e0000000)
  object space 59392K, 17% used [0x00000000a0000000,0x00000000a0a2d9a0,0x00000000a3a00000)
 Metaspace       used 34419K, capacity 35218K, committed 35416K, reserved 1079296K
  class space    used 4720K, capacity 4987K, committed 4992K, reserved 1048576K
Event: 15.796 GC heap after
Heap after GC invocations=11 (full 2):
 PSYoungGen      total 99328K, used 0K [0x00000000e0000000, 0x00000000e7b00000, 0x0000000100000000)
  eden space 87040K, 0% used [0x00000000e0000000,0x00000000e0000000,0x00000000e5500000)
  from space 12288K, 0% used [0x00000000e5500000,0x00000000e5500000,0x00000000e6100000)
  to   space 10752K, 0% used [0x00000000e6100000,0x00000000e6100000,0x00000000e6b80000)
 ParOldGen       total 81408K, used 15807K [0x00000000a0000000, 0x00000000a4f80000, 0x00000000e0000000)
  object space 81408K, 19% used [0x00000000a0000000,0x00000000a0f6fc38,0x00000000a4f80000)
 Metaspace       used 34397K, capacity 35190K, committed 35416K, reserved 1079296K
  class space    used 4713K, capacity 4979K, committed 4992K, reserved 1048576K
}

