# JRE version: OpenJDK Runtime Environment (8.0_152-b02) (build 1.8.0_152-release-1024-b02)
# Java VM: OpenJDK 64-Bit Server VM (25.152-b02 mixed mode windows-amd64 compressed oops)
Heap:
 PSYoungGen      total 244224K, used 148993K [0x00000000e0000000, 0x00000000f4000000, 0x0000000100000000)
  eden space 217600K, 68% used [0x00000000e0000000,0x00000000e9180620,0x00000000ed480000)
  from space 26624K, 0% used [0x00000000ed480000,0x00000000ed480000,0x00000000eee80000)
  to   space 28160K, 0% used [0x00000000f2480000,0x00000000f2480000,0x00000000f4000000)
 ParOldGen       total 123904K, used 79485K [0x00000000a0000000, 0x00000000a7900000, 0x00000000e0000000)
  object space 123904K, 64% used [0x00000000a0000000,0x00000000a4d9f688,0x00000000a7900000)
 Metaspace       used 94276K, capacity 101412K, committed 101888K, reserved 1138688K
  class space    used 11831K, capacity 13405K, committed 13568K, reserved 1048576K
GC Heap History (10 events):
Event: 789.683 GC heap before
{Heap before GC invocations=29 (full 3):
 PSYoungGen      total 250368K, used 250288K [0x00000000e0000000, 0x00000000f1880000, 0x0000000100000000)
  eden space 242688K, 100% used [0x00000000e0000000,0x00000000eed00000,0x00000000eed00000)
  from space 7680K, 98% used [0x00000000efc80000,0x00000000f03ec020,0x00000000f0400000)
  to   space 20992K, 0% used [0x00000000f0400000,0x00000000f0400000,0x00000000f1880000)
 ParOldGen       total 123904K, used 67439K [0x00000000a0000000, 0x00000000a7900000, 0x00000000e0000000)
  object space 123904K, 54% used [0x00000000a0000000,0x00000000a41dbd20,0x00000000a7900000)
 Metaspace       used 85533K, capacity 92728K, committed 92928K, reserved 1130496K
  class space    used 10833K, capacity 12461K, committed 12544K, reserved 1048576K
Event: 789.706 GC heap after
Heap after GC invocations=29 (full 3):
 PSYoungGen      total 247296K, used 12903K [0x00000000e0000000, 0x00000000f1100000, 0x0000000100000000)
  eden space 233984K, 0% used [0x00000000e0000000,0x00000000e0000000,0x00000000ee480000)
  from space 13312K, 96% used [0x00000000f0400000,0x00000000f1099ca0,0x00000000f1100000)
  to   space 22016K, 0% used [0x00000000ee600000,0x00000000ee600000,0x00000000efb80000)
 ParOldGen       total 123904K, used 67447K [0x00000000a0000000, 0x00000000a7900000, 0x00000000e0000000)
  object space 123904K, 54% used [0x00000000a0000000,0x00000000a41ddd20,0x00000000a7900000)
 Metaspace       used 85533K, capacity 92728K, committed 92928K, reserved 1130496K
  class space    used 10833K, capacity 12461K, committed 12544K, reserved 1048576K
}
Event: 821.867 GC heap before
{Heap before GC invocations=30 (full 3):
 PSYoungGen      total 247296K, used 246887K [0x00000000e0000000, 0x00000000f1100000, 0x0000000100000000)
  eden space 233984K, 100% used [0x00000000e0000000,0x00000000ee480000,0x00000000ee480000)
  from space 13312K, 96% used [0x00000000f0400000,0x00000000f1099ca0,0x00000000f1100000)
  to   space 22016K, 0% used [0x00000000ee600000,0x00000000ee600000,0x00000000efb80000)
 ParOldGen       total 123904K, used 67447K [0x00000000a0000000, 0x00000000a7900000, 0x00000000e0000000)
  object space 123904K, 54% used [0x00000000a0000000,0x00000000a41ddd20,0x00000000a7900000)
 Metaspace       used 86218K, capacity 93346K, committed 93440K, reserved 1130496K
  class space    used 10871K, capacity 12532K, committed 12544K, reserved 1048576K
Event: 821.894 GC heap after
Heap after GC invocations=30 (full 3):
 PSYoungGen      total 240128K, used 14218K [0x00000000e0000000, 0x00000000f0780000, 0x0000000100000000)
  eden space 225792K, 0% used [0x00000000e0000000,0x00000000e0000000,0x00000000edc80000)
  from space 14336K, 99% used [0x00000000ee600000,0x00000000ef3e2ba0,0x00000000ef400000)
  to   space 19968K, 0% used [0x00000000ef400000,0x00000000ef400000,0x00000000f0780000)
 ParOldGen       total 123904K, used 67455K [0x00000000a0000000, 0x00000000a7900000, 0x00000000e0000000)
  object space 123904K, 54% used [0x00000000a0000000,0x00000000a41dfd20,0x00000000a7900000)
 Metaspace       used 86218K, capacity 93346K, committed 93440K, reserved 1130496K
  class space    used 10871K, capacity 12532K, committed 12544K, reserved 1048576K
}
Event: 829.869 GC heap before
{Heap before GC invocations=31 (full 3):
 PSYoungGen      total 240128K, used 240010K [0x00000000e0000000, 0x00000000f0780000, 0x0000000100000000)
  eden space 225792K, 100% used [0x00000000e0000000,0x00000000edc80000,0x00000000edc80000)
  from space 14336K, 99% used [0x00000000ee600000,0x00000000ef3e2ba0,0x00000000ef400000)
  to   space 19968K, 0% used [0x00000000ef400000,0x00000000ef400000,0x00000000f0780000)
 ParOldGen       total 123904K, used 67455K [0x00000000a0000000, 0x00000000a7900000, 0x00000000e0000000)
  object space 123904K, 54% used [0x00000000a0000000,0x00000000a41dfd20,0x00000000a7900000)
 Metaspace       used 88379K, capacity 95866K, committed 96128K, reserved 1132544K
  class space    used 11161K, capacity 12888K, committed 12928K, reserved 1048576K
Event: 829.908 GC heap after
Heap after GC invocations=31 (full 3):
 PSYoungGen      total 237568K, used 19960K [0x00000000e0000000, 0x00000000f0880000, 0x0000000100000000)
  eden space 217600K, 0% used [0x00000000e0000000,0x00000000e0000000,0x00000000ed480000)
  from space 19968K, 99% used [0x00000000ef400000,0x00000000f077e3d0,0x00000000f0780000)
  to   space 26624K, 0% used [0x00000000ed480000,0x00000000ed480000,0x00000000eee80000)
 ParOldGen       total 123904K, used 73346K [0x00000000a0000000, 0x00000000a7900000, 0x00000000e0000000)
  object space 123904K, 59% used [0x00000000a0000000,0x00000000a47a0ac0,0x00000000a7900000)
 Metaspace       used 88379K, capacity 95866K, committed 96128K, reserved 1132544K
  class space    used 11161K, capacity 12888K, committed 12928K, reserved 1048576K
}
Event: 830.264 GC heap before
{Heap before GC invocations=32 (full 3):
 PSYoungGen      total 237568K, used 37052K [0x00000000e0000000, 0x00000000f0880000, 0x0000000100000000)
  eden space 217600K, 7% used [0x00000000e0000000,0x00000000e10b0fe0,0x00000000ed480000)
  from space 19968K, 99% used [0x00000000ef400000,0x00000000f077e3d0,0x00000000f0780000)
  to   space 26624K, 0% used [0x00000000ed480000,0x00000000ed480000,0x00000000eee80000)
 ParOldGen       total 123904K, used 73346K [0x00000000a0000000, 0x00000000a7900000, 0x00000000e0000000)
  object space 123904K, 59% used [0x00000000a0000000,0x00000000a47a0ac0,0x00000000a7900000)
 Metaspace       used 90632K, capacity 98204K, committed 98348K, reserved 1134592K
  class space    used 11452K, capacity 13179K, committed 13184K, reserved 1048576K
Event: 830.310 GC heap after
Heap after GC invocations=32 (full 3):
 PSYoungGen      total 244224K, used 21472K [0x00000000e0000000, 0x00000000f4000000, 0x0000000100000000)
  eden space 217600K, 0% used [0x00000000e0000000,0x00000000e0000000,0x00000000ed480000)
  from space 26624K, 80% used [0x00000000ed480000,0x00000000ee9781a8,0x00000000eee80000)
  to   space 28160K, 0% used [0x00000000f2480000,0x00000000f2480000,0x00000000f4000000)
 ParOldGen       total 123904K, used 76091K [0x00000000a0000000, 0x00000000a7900000, 0x00000000e0000000)
  object space 123904K, 61% used [0x00000000a0000000,0x00000000a4a4ecf0,0x00000000a7900000)
 Metaspace       used 90632K, capacity 98204K, committed 98348K, reserved 1134592K
  class space    used 11452K, capacity 13179K, committed 13184K, reserved 1048576K
}
Event: 830.310 GC heap before
{Heap before GC invocations=33 (full 4):
 PSYoungGen      total 244224K, used 21472K [0x00000000e0000000, 0x00000000f4000000, 0x0000000100000000)
  eden space 217600K, 0% used [0x00000000e0000000,0x00000000e0000000,0x00000000ed480000)
  from space 26624K, 80% used [0x00000000ed480000,0x00000000ee9781a8,0x00000000eee80000)
  to   space 28160K, 0% used [0x00000000f2480000,0x00000000f2480000,0x00000000f4000000)
 ParOldGen       total 123904K, used 76091K [0x00000000a0000000, 0x00000000a7900000, 0x00000000e0000000)
  object space 123904K, 61% used [0x00000000a0000000,0x00000000a4a4ecf0,0x00000000a7900000)
 Metaspace       used 90632K, capacity 98204K, committed 98348K, reserved 1134592K
  class space    used 11452K, capacity 13179K, committed 13184K, reserved 1048576K
Event: 831.067 GC heap after
Heap after GC invocations=33 (full 4):
 PSYoungGen      total 244224K, used 0K [0x00000000e0000000, 0x00000000f4000000, 0x0000000100000000)
  eden space 217600K, 0% used [0x00000000e0000000,0x00000000e0000000,0x00000000ed480000)
  from space 26624K, 0% used [0x00000000ed480000,0x00000000ed480000,0x00000000eee80000)
  to   space 28160K, 0% used [0x00000000f2480000,0x00000000f2480000,0x00000000f4000000)
 ParOldGen       total 123904K, used 79485K [0x00000000a0000000, 0x00000000a7900000, 0x00000000e0000000)
  object space 123904K, 64% used [0x00000000a0000000,0x00000000a4d9f688,0x00000000a7900000)
 Metaspace       used 90206K, capacity 97038K, committed 98348K, reserved 1134592K
  class space    used 11328K, capacity 12856K, committed 13184K, reserved 1048576K
}

